ERROR - 2022-10-17 11:50:00 --> Error connecting to the database: mysqli_sql_exception: Access denied for user ''@'localhost' (using password: NO) in /var/www/html/CI/system/Database/MySQLi/Connection.php:171
Stack trace:
#0 /var/www/html/CI/system/Database/MySQLi/Connection.php(171): mysqli->real_connect()
#1 /var/www/html/CI/system/Database/BaseConnection.php(382): CodeIgniter\Database\MySQLi\Connection->connect()
#2 /var/www/html/CI/system/Database/BaseConnection.php(588): CodeIgniter\Database\BaseConnection->initialize()
#3 /var/www/html/CI/system/Database/BaseBuilder.php(1585): CodeIgniter\Database\BaseConnection->query()
#4 /var/www/html/CI/system/Model.php(223): CodeIgniter\Database\BaseBuilder->get()
#5 /var/www/html/CI/system/BaseModel.php(584): CodeIgniter\Model->doFindAll()
#6 /var/www/html/CI/app/Models/NewsModel.php(13): CodeIgniter\BaseModel->findAll()
#7 /var/www/html/CI/app/Controllers/News.php(14): App\Models\NewsModel->getNews()
#8 /var/www/html/CI/system/CodeIgniter.php(907): App\Controllers\News->index()
#9 /var/www/html/CI/system/CodeIgniter.php(457): CodeIgniter\CodeIgniter->runController()
#10 /var/www/html/CI/system/CodeIgniter.php(340): CodeIgniter\CodeIgniter->handleRequest()
#11 /var/www/html/CI/public/index.php(67): CodeIgniter\CodeIgniter->run()
#12 {main}

Next CodeIgniter\Database\Exceptions\DatabaseException: Access denied for user ''@'localhost' (using password: NO) in /var/www/html/CI/system/Database/MySQLi/Connection.php:215
Stack trace:
#0 /var/www/html/CI/system/Database/BaseConnection.php(382): CodeIgniter\Database\MySQLi\Connection->connect()
#1 /var/www/html/CI/system/Database/BaseConnection.php(588): CodeIgniter\Database\BaseConnection->initialize()
#2 /var/www/html/CI/system/Database/BaseBuilder.php(1585): CodeIgniter\Database\BaseConnection->query()
#3 /var/www/html/CI/system/Model.php(223): CodeIgniter\Database\BaseBuilder->get()
#4 /var/www/html/CI/system/BaseModel.php(584): CodeIgniter\Model->doFindAll()
#5 /var/www/html/CI/app/Models/NewsModel.php(13): CodeIgniter\BaseModel->findAll()
#6 /var/www/html/CI/app/Controllers/News.php(14): App\Models\NewsModel->getNews()
#7 /var/www/html/CI/system/CodeIgniter.php(907): App\Controllers\News->index()
#8 /var/www/html/CI/system/CodeIgniter.php(457): CodeIgniter\CodeIgniter->runController()
#9 /var/www/html/CI/system/CodeIgniter.php(340): CodeIgniter\CodeIgniter->handleRequest()
#10 /var/www/html/CI/public/index.php(67): CodeIgniter\CodeIgniter->run()
#11 {main}
CRITICAL - 2022-10-17 11:50:00 --> Unable to connect to the database.
Main connection [MySQLi]: Access denied for user ''@'localhost' (using password: NO)
in SYSTEMPATH/Database/BaseConnection.php on line 418.
 1 SYSTEMPATH/Database/BaseConnection.php(588): CodeIgniter\Database\BaseConnection->initialize()
 2 SYSTEMPATH/Database/BaseBuilder.php(1585): CodeIgniter\Database\BaseConnection->query()
 3 SYSTEMPATH/Model.php(223): CodeIgniter\Database\BaseBuilder->get()
 4 SYSTEMPATH/BaseModel.php(584): CodeIgniter\Model->doFindAll()
 5 APPPATH/Models/NewsModel.php(13): CodeIgniter\BaseModel->findAll()
 6 APPPATH/Controllers/News.php(14): App\Models\NewsModel->getNews()
 7 SYSTEMPATH/CodeIgniter.php(907): App\Controllers\News->index()
 8 SYSTEMPATH/CodeIgniter.php(457): CodeIgniter\CodeIgniter->runController()
 9 SYSTEMPATH/CodeIgniter.php(340): CodeIgniter\CodeIgniter->handleRequest()
10 FCPATH/index.php(67): CodeIgniter\CodeIgniter->run()
ERROR - 2022-10-17 11:51:43 --> Error connecting to the database: mysqli_sql_exception: Access denied for user ''@'localhost' (using password: NO) in /var/www/html/CI/system/Database/MySQLi/Connection.php:171
Stack trace:
#0 /var/www/html/CI/system/Database/MySQLi/Connection.php(171): mysqli->real_connect()
#1 /var/www/html/CI/system/Database/BaseConnection.php(382): CodeIgniter\Database\MySQLi\Connection->connect()
#2 /var/www/html/CI/system/Database/BaseConnection.php(588): CodeIgniter\Database\BaseConnection->initialize()
#3 /var/www/html/CI/system/Database/BaseBuilder.php(1585): CodeIgniter\Database\BaseConnection->query()
#4 /var/www/html/CI/system/Model.php(223): CodeIgniter\Database\BaseBuilder->get()
#5 /var/www/html/CI/system/BaseModel.php(584): CodeIgniter\Model->doFindAll()
#6 /var/www/html/CI/app/Models/NewsModel.php(13): CodeIgniter\BaseModel->findAll()
#7 /var/www/html/CI/app/Controllers/News.php(14): App\Models\NewsModel->getNews()
#8 /var/www/html/CI/system/CodeIgniter.php(907): App\Controllers\News->index()
#9 /var/www/html/CI/system/CodeIgniter.php(457): CodeIgniter\CodeIgniter->runController()
#10 /var/www/html/CI/system/CodeIgniter.php(340): CodeIgniter\CodeIgniter->handleRequest()
#11 /var/www/html/CI/public/index.php(67): CodeIgniter\CodeIgniter->run()
#12 {main}

Next CodeIgniter\Database\Exceptions\DatabaseException: Access denied for user ''@'localhost' (using password: NO) in /var/www/html/CI/system/Database/MySQLi/Connection.php:215
Stack trace:
#0 /var/www/html/CI/system/Database/BaseConnection.php(382): CodeIgniter\Database\MySQLi\Connection->connect()
#1 /var/www/html/CI/system/Database/BaseConnection.php(588): CodeIgniter\Database\BaseConnection->initialize()
#2 /var/www/html/CI/system/Database/BaseBuilder.php(1585): CodeIgniter\Database\BaseConnection->query()
#3 /var/www/html/CI/system/Model.php(223): CodeIgniter\Database\BaseBuilder->get()
#4 /var/www/html/CI/system/BaseModel.php(584): CodeIgniter\Model->doFindAll()
#5 /var/www/html/CI/app/Models/NewsModel.php(13): CodeIgniter\BaseModel->findAll()
#6 /var/www/html/CI/app/Controllers/News.php(14): App\Models\NewsModel->getNews()
#7 /var/www/html/CI/system/CodeIgniter.php(907): App\Controllers\News->index()
#8 /var/www/html/CI/system/CodeIgniter.php(457): CodeIgniter\CodeIgniter->runController()
#9 /var/www/html/CI/system/CodeIgniter.php(340): CodeIgniter\CodeIgniter->handleRequest()
#10 /var/www/html/CI/public/index.php(67): CodeIgniter\CodeIgniter->run()
#11 {main}
CRITICAL - 2022-10-17 11:51:43 --> Unable to connect to the database.
Main connection [MySQLi]: Access denied for user ''@'localhost' (using password: NO)
in SYSTEMPATH/Database/BaseConnection.php on line 418.
 1 SYSTEMPATH/Database/BaseConnection.php(588): CodeIgniter\Database\BaseConnection->initialize()
 2 SYSTEMPATH/Database/BaseBuilder.php(1585): CodeIgniter\Database\BaseConnection->query()
 3 SYSTEMPATH/Model.php(223): CodeIgniter\Database\BaseBuilder->get()
 4 SYSTEMPATH/BaseModel.php(584): CodeIgniter\Model->doFindAll()
 5 APPPATH/Models/NewsModel.php(13): CodeIgniter\BaseModel->findAll()
 6 APPPATH/Controllers/News.php(14): App\Models\NewsModel->getNews()
 7 SYSTEMPATH/CodeIgniter.php(907): App\Controllers\News->index()
 8 SYSTEMPATH/CodeIgniter.php(457): CodeIgniter\CodeIgniter->runController()
 9 SYSTEMPATH/CodeIgniter.php(340): CodeIgniter\CodeIgniter->handleRequest()
10 FCPATH/index.php(67): CodeIgniter\CodeIgniter->run()
ERROR - 2022-10-17 11:55:37 --> Error connecting to the database: mysqli_sql_exception: Access denied for user ''@'localhost' (using password: NO) in /var/www/html/CI/system/Database/MySQLi/Connection.php:171
Stack trace:
#0 /var/www/html/CI/system/Database/MySQLi/Connection.php(171): mysqli->real_connect()
#1 /var/www/html/CI/system/Database/BaseConnection.php(382): CodeIgniter\Database\MySQLi\Connection->connect()
#2 /var/www/html/CI/system/Database/BaseConnection.php(588): CodeIgniter\Database\BaseConnection->initialize()
#3 /var/www/html/CI/system/Database/BaseBuilder.php(1585): CodeIgniter\Database\BaseConnection->query()
#4 /var/www/html/CI/system/Model.php(223): CodeIgniter\Database\BaseBuilder->get()
#5 /var/www/html/CI/system/BaseModel.php(584): CodeIgniter\Model->doFindAll()
#6 /var/www/html/CI/app/Models/NewsModel.php(13): CodeIgniter\BaseModel->findAll()
#7 /var/www/html/CI/app/Controllers/News.php(14): App\Models\NewsModel->getNews()
#8 /var/www/html/CI/system/CodeIgniter.php(907): App\Controllers\News->index()
#9 /var/www/html/CI/system/CodeIgniter.php(457): CodeIgniter\CodeIgniter->runController()
#10 /var/www/html/CI/system/CodeIgniter.php(340): CodeIgniter\CodeIgniter->handleRequest()
#11 /var/www/html/CI/public/index.php(67): CodeIgniter\CodeIgniter->run()
#12 {main}

Next CodeIgniter\Database\Exceptions\DatabaseException: Access denied for user ''@'localhost' (using password: NO) in /var/www/html/CI/system/Database/MySQLi/Connection.php:215
Stack trace:
#0 /var/www/html/CI/system/Database/BaseConnection.php(382): CodeIgniter\Database\MySQLi\Connection->connect()
#1 /var/www/html/CI/system/Database/BaseConnection.php(588): CodeIgniter\Database\BaseConnection->initialize()
#2 /var/www/html/CI/system/Database/BaseBuilder.php(1585): CodeIgniter\Database\BaseConnection->query()
#3 /var/www/html/CI/system/Model.php(223): CodeIgniter\Database\BaseBuilder->get()
#4 /var/www/html/CI/system/BaseModel.php(584): CodeIgniter\Model->doFindAll()
#5 /var/www/html/CI/app/Models/NewsModel.php(13): CodeIgniter\BaseModel->findAll()
#6 /var/www/html/CI/app/Controllers/News.php(14): App\Models\NewsModel->getNews()
#7 /var/www/html/CI/system/CodeIgniter.php(907): App\Controllers\News->index()
#8 /var/www/html/CI/system/CodeIgniter.php(457): CodeIgniter\CodeIgniter->runController()
#9 /var/www/html/CI/system/CodeIgniter.php(340): CodeIgniter\CodeIgniter->handleRequest()
#10 /var/www/html/CI/public/index.php(67): CodeIgniter\CodeIgniter->run()
#11 {main}
CRITICAL - 2022-10-17 11:55:37 --> Unable to connect to the database.
Main connection [MySQLi]: Access denied for user ''@'localhost' (using password: NO)
in SYSTEMPATH/Database/BaseConnection.php on line 418.
 1 SYSTEMPATH/Database/BaseConnection.php(588): CodeIgniter\Database\BaseConnection->initialize()
 2 SYSTEMPATH/Database/BaseBuilder.php(1585): CodeIgniter\Database\BaseConnection->query()
 3 SYSTEMPATH/Model.php(223): CodeIgniter\Database\BaseBuilder->get()
 4 SYSTEMPATH/BaseModel.php(584): CodeIgniter\Model->doFindAll()
 5 APPPATH/Models/NewsModel.php(13): CodeIgniter\BaseModel->findAll()
 6 APPPATH/Controllers/News.php(14): App\Models\NewsModel->getNews()
 7 SYSTEMPATH/CodeIgniter.php(907): App\Controllers\News->index()
 8 SYSTEMPATH/CodeIgniter.php(457): CodeIgniter\CodeIgniter->runController()
 9 SYSTEMPATH/CodeIgniter.php(340): CodeIgniter\CodeIgniter->handleRequest()
10 FCPATH/index.php(67): CodeIgniter\CodeIgniter->run()
ERROR - 2022-10-17 11:55:50 --> Error connecting to the database: mysqli_sql_exception: Access denied for user ''@'localhost' (using password: NO) in /var/www/html/CI/system/Database/MySQLi/Connection.php:171
Stack trace:
#0 /var/www/html/CI/system/Database/MySQLi/Connection.php(171): mysqli->real_connect()
#1 /var/www/html/CI/system/Database/BaseConnection.php(382): CodeIgniter\Database\MySQLi\Connection->connect()
#2 /var/www/html/CI/system/Database/BaseConnection.php(588): CodeIgniter\Database\BaseConnection->initialize()
#3 /var/www/html/CI/system/Database/BaseBuilder.php(1585): CodeIgniter\Database\BaseConnection->query()
#4 /var/www/html/CI/system/Model.php(223): CodeIgniter\Database\BaseBuilder->get()
#5 /var/www/html/CI/system/BaseModel.php(584): CodeIgniter\Model->doFindAll()
#6 /var/www/html/CI/app/Models/NewsModel.php(13): CodeIgniter\BaseModel->findAll()
#7 /var/www/html/CI/app/Controllers/News.php(14): App\Models\NewsModel->getNews()
#8 /var/www/html/CI/system/CodeIgniter.php(907): App\Controllers\News->index()
#9 /var/www/html/CI/system/CodeIgniter.php(457): CodeIgniter\CodeIgniter->runController()
#10 /var/www/html/CI/system/CodeIgniter.php(340): CodeIgniter\CodeIgniter->handleRequest()
#11 /var/www/html/CI/public/index.php(67): CodeIgniter\CodeIgniter->run()
#12 {main}

Next CodeIgniter\Database\Exceptions\DatabaseException: Access denied for user ''@'localhost' (using password: NO) in /var/www/html/CI/system/Database/MySQLi/Connection.php:215
Stack trace:
#0 /var/www/html/CI/system/Database/BaseConnection.php(382): CodeIgniter\Database\MySQLi\Connection->connect()
#1 /var/www/html/CI/system/Database/BaseConnection.php(588): CodeIgniter\Database\BaseConnection->initialize()
#2 /var/www/html/CI/system/Database/BaseBuilder.php(1585): CodeIgniter\Database\BaseConnection->query()
#3 /var/www/html/CI/system/Model.php(223): CodeIgniter\Database\BaseBuilder->get()
#4 /var/www/html/CI/system/BaseModel.php(584): CodeIgniter\Model->doFindAll()
#5 /var/www/html/CI/app/Models/NewsModel.php(13): CodeIgniter\BaseModel->findAll()
#6 /var/www/html/CI/app/Controllers/News.php(14): App\Models\NewsModel->getNews()
#7 /var/www/html/CI/system/CodeIgniter.php(907): App\Controllers\News->index()
#8 /var/www/html/CI/system/CodeIgniter.php(457): CodeIgniter\CodeIgniter->runController()
#9 /var/www/html/CI/system/CodeIgniter.php(340): CodeIgniter\CodeIgniter->handleRequest()
#10 /var/www/html/CI/public/index.php(67): CodeIgniter\CodeIgniter->run()
#11 {main}
CRITICAL - 2022-10-17 11:55:50 --> Unable to connect to the database.
Main connection [MySQLi]: Access denied for user ''@'localhost' (using password: NO)
in SYSTEMPATH/Database/BaseConnection.php on line 418.
 1 SYSTEMPATH/Database/BaseConnection.php(588): CodeIgniter\Database\BaseConnection->initialize()
 2 SYSTEMPATH/Database/BaseBuilder.php(1585): CodeIgniter\Database\BaseConnection->query()
 3 SYSTEMPATH/Model.php(223): CodeIgniter\Database\BaseBuilder->get()
 4 SYSTEMPATH/BaseModel.php(584): CodeIgniter\Model->doFindAll()
 5 APPPATH/Models/NewsModel.php(13): CodeIgniter\BaseModel->findAll()
 6 APPPATH/Controllers/News.php(14): App\Models\NewsModel->getNews()
 7 SYSTEMPATH/CodeIgniter.php(907): App\Controllers\News->index()
 8 SYSTEMPATH/CodeIgniter.php(457): CodeIgniter\CodeIgniter->runController()
 9 SYSTEMPATH/CodeIgniter.php(340): CodeIgniter\CodeIgniter->handleRequest()
10 FCPATH/index.php(67): CodeIgniter\CodeIgniter->run()
ERROR - 2022-10-17 12:21:01 --> Error connecting to the database: mysqli_sql_exception: Access denied for user ''@'localhost' (using password: NO) in /var/www/html/CI/system/Database/MySQLi/Connection.php:171
Stack trace:
#0 /var/www/html/CI/system/Database/MySQLi/Connection.php(171): mysqli->real_connect()
#1 /var/www/html/CI/system/Database/BaseConnection.php(382): CodeIgniter\Database\MySQLi\Connection->connect()
#2 /var/www/html/CI/system/Database/BaseConnection.php(588): CodeIgniter\Database\BaseConnection->initialize()
#3 /var/www/html/CI/system/Database/BaseBuilder.php(1585): CodeIgniter\Database\BaseConnection->query()
#4 /var/www/html/CI/system/Model.php(223): CodeIgniter\Database\BaseBuilder->get()
#5 /var/www/html/CI/system/BaseModel.php(584): CodeIgniter\Model->doFindAll()
#6 /var/www/html/CI/app/Models/NewsModel.php(13): CodeIgniter\BaseModel->findAll()
#7 /var/www/html/CI/app/Controllers/News.php(14): App\Models\NewsModel->getNews()
#8 /var/www/html/CI/system/CodeIgniter.php(907): App\Controllers\News->index()
#9 /var/www/html/CI/system/CodeIgniter.php(457): CodeIgniter\CodeIgniter->runController()
#10 /var/www/html/CI/system/CodeIgniter.php(340): CodeIgniter\CodeIgniter->handleRequest()
#11 /var/www/html/CI/public/index.php(67): CodeIgniter\CodeIgniter->run()
#12 {main}

Next CodeIgniter\Database\Exceptions\DatabaseException: Access denied for user ''@'localhost' (using password: NO) in /var/www/html/CI/system/Database/MySQLi/Connection.php:215
Stack trace:
#0 /var/www/html/CI/system/Database/BaseConnection.php(382): CodeIgniter\Database\MySQLi\Connection->connect()
#1 /var/www/html/CI/system/Database/BaseConnection.php(588): CodeIgniter\Database\BaseConnection->initialize()
#2 /var/www/html/CI/system/Database/BaseBuilder.php(1585): CodeIgniter\Database\BaseConnection->query()
#3 /var/www/html/CI/system/Model.php(223): CodeIgniter\Database\BaseBuilder->get()
#4 /var/www/html/CI/system/BaseModel.php(584): CodeIgniter\Model->doFindAll()
#5 /var/www/html/CI/app/Models/NewsModel.php(13): CodeIgniter\BaseModel->findAll()
#6 /var/www/html/CI/app/Controllers/News.php(14): App\Models\NewsModel->getNews()
#7 /var/www/html/CI/system/CodeIgniter.php(907): App\Controllers\News->index()
#8 /var/www/html/CI/system/CodeIgniter.php(457): CodeIgniter\CodeIgniter->runController()
#9 /var/www/html/CI/system/CodeIgniter.php(340): CodeIgniter\CodeIgniter->handleRequest()
#10 /var/www/html/CI/public/index.php(67): CodeIgniter\CodeIgniter->run()
#11 {main}
CRITICAL - 2022-10-17 12:21:01 --> Unable to connect to the database.
Main connection [MySQLi]: Access denied for user ''@'localhost' (using password: NO)
in SYSTEMPATH/Database/BaseConnection.php on line 418.
 1 SYSTEMPATH/Database/BaseConnection.php(588): CodeIgniter\Database\BaseConnection->initialize()
 2 SYSTEMPATH/Database/BaseBuilder.php(1585): CodeIgniter\Database\BaseConnection->query()
 3 SYSTEMPATH/Model.php(223): CodeIgniter\Database\BaseBuilder->get()
 4 SYSTEMPATH/BaseModel.php(584): CodeIgniter\Model->doFindAll()
 5 APPPATH/Models/NewsModel.php(13): CodeIgniter\BaseModel->findAll()
 6 APPPATH/Controllers/News.php(14): App\Models\NewsModel->getNews()
 7 SYSTEMPATH/CodeIgniter.php(907): App\Controllers\News->index()
 8 SYSTEMPATH/CodeIgniter.php(457): CodeIgniter\CodeIgniter->runController()
 9 SYSTEMPATH/CodeIgniter.php(340): CodeIgniter\CodeIgniter->handleRequest()
10 FCPATH/index.php(67): CodeIgniter\CodeIgniter->run()
ERROR - 2022-10-17 13:08:18 --> Error connecting to the database: mysqli_sql_exception: Access denied for user ''@'localhost' (using password: NO) in /var/www/html/CI/system/Database/MySQLi/Connection.php:171
Stack trace:
#0 /var/www/html/CI/system/Database/MySQLi/Connection.php(171): mysqli->real_connect()
#1 /var/www/html/CI/system/Database/BaseConnection.php(382): CodeIgniter\Database\MySQLi\Connection->connect()
#2 /var/www/html/CI/system/Database/BaseConnection.php(588): CodeIgniter\Database\BaseConnection->initialize()
#3 /var/www/html/CI/system/Database/BaseBuilder.php(1585): CodeIgniter\Database\BaseConnection->query()
#4 /var/www/html/CI/system/Model.php(223): CodeIgniter\Database\BaseBuilder->get()
#5 /var/www/html/CI/system/BaseModel.php(584): CodeIgniter\Model->doFindAll()
#6 /var/www/html/CI/app/Models/NewsModel.php(13): CodeIgniter\BaseModel->findAll()
#7 /var/www/html/CI/app/Controllers/News.php(14): App\Models\NewsModel->getNews()
#8 /var/www/html/CI/system/CodeIgniter.php(907): App\Controllers\News->index()
#9 /var/www/html/CI/system/CodeIgniter.php(457): CodeIgniter\CodeIgniter->runController()
#10 /var/www/html/CI/system/CodeIgniter.php(340): CodeIgniter\CodeIgniter->handleRequest()
#11 /var/www/html/CI/public/index.php(67): CodeIgniter\CodeIgniter->run()
#12 {main}

Next CodeIgniter\Database\Exceptions\DatabaseException: Access denied for user ''@'localhost' (using password: NO) in /var/www/html/CI/system/Database/MySQLi/Connection.php:215
Stack trace:
#0 /var/www/html/CI/system/Database/BaseConnection.php(382): CodeIgniter\Database\MySQLi\Connection->connect()
#1 /var/www/html/CI/system/Database/BaseConnection.php(588): CodeIgniter\Database\BaseConnection->initialize()
#2 /var/www/html/CI/system/Database/BaseBuilder.php(1585): CodeIgniter\Database\BaseConnection->query()
#3 /var/www/html/CI/system/Model.php(223): CodeIgniter\Database\BaseBuilder->get()
#4 /var/www/html/CI/system/BaseModel.php(584): CodeIgniter\Model->doFindAll()
#5 /var/www/html/CI/app/Models/NewsModel.php(13): CodeIgniter\BaseModel->findAll()
#6 /var/www/html/CI/app/Controllers/News.php(14): App\Models\NewsModel->getNews()
#7 /var/www/html/CI/system/CodeIgniter.php(907): App\Controllers\News->index()
#8 /var/www/html/CI/system/CodeIgniter.php(457): CodeIgniter\CodeIgniter->runController()
#9 /var/www/html/CI/system/CodeIgniter.php(340): CodeIgniter\CodeIgniter->handleRequest()
#10 /var/www/html/CI/public/index.php(67): CodeIgniter\CodeIgniter->run()
#11 {main}
CRITICAL - 2022-10-17 13:08:18 --> Unable to connect to the database.
Main connection [MySQLi]: Access denied for user ''@'localhost' (using password: NO)
in SYSTEMPATH/Database/BaseConnection.php on line 418.
 1 SYSTEMPATH/Database/BaseConnection.php(588): CodeIgniter\Database\BaseConnection->initialize()
 2 SYSTEMPATH/Database/BaseBuilder.php(1585): CodeIgniter\Database\BaseConnection->query()
 3 SYSTEMPATH/Model.php(223): CodeIgniter\Database\BaseBuilder->get()
 4 SYSTEMPATH/BaseModel.php(584): CodeIgniter\Model->doFindAll()
 5 APPPATH/Models/NewsModel.php(13): CodeIgniter\BaseModel->findAll()
 6 APPPATH/Controllers/News.php(14): App\Models\NewsModel->getNews()
 7 SYSTEMPATH/CodeIgniter.php(907): App\Controllers\News->index()
 8 SYSTEMPATH/CodeIgniter.php(457): CodeIgniter\CodeIgniter->runController()
 9 SYSTEMPATH/CodeIgniter.php(340): CodeIgniter\CodeIgniter->handleRequest()
10 FCPATH/index.php(67): CodeIgniter\CodeIgniter->run()
ERROR - 2022-10-17 13:13:44 --> Error connecting to the database: mysqli_sql_exception: Access denied for user ''@'localhost' (using password: NO) in /var/www/html/CI/system/Database/MySQLi/Connection.php:171
Stack trace:
#0 /var/www/html/CI/system/Database/MySQLi/Connection.php(171): mysqli->real_connect()
#1 /var/www/html/CI/system/Database/BaseConnection.php(382): CodeIgniter\Database\MySQLi\Connection->connect()
#2 /var/www/html/CI/system/Database/BaseConnection.php(588): CodeIgniter\Database\BaseConnection->initialize()
#3 /var/www/html/CI/system/Database/BaseBuilder.php(1585): CodeIgniter\Database\BaseConnection->query()
#4 /var/www/html/CI/system/Model.php(223): CodeIgniter\Database\BaseBuilder->get()
#5 /var/www/html/CI/system/BaseModel.php(584): CodeIgniter\Model->doFindAll()
#6 /var/www/html/CI/app/Models/NewsModel.php(13): CodeIgniter\BaseModel->findAll()
#7 /var/www/html/CI/app/Controllers/News.php(14): App\Models\NewsModel->getNews()
#8 /var/www/html/CI/system/CodeIgniter.php(907): App\Controllers\News->index()
#9 /var/www/html/CI/system/CodeIgniter.php(457): CodeIgniter\CodeIgniter->runController()
#10 /var/www/html/CI/system/CodeIgniter.php(340): CodeIgniter\CodeIgniter->handleRequest()
#11 /var/www/html/CI/public/index.php(67): CodeIgniter\CodeIgniter->run()
#12 {main}

Next CodeIgniter\Database\Exceptions\DatabaseException: Access denied for user ''@'localhost' (using password: NO) in /var/www/html/CI/system/Database/MySQLi/Connection.php:215
Stack trace:
#0 /var/www/html/CI/system/Database/BaseConnection.php(382): CodeIgniter\Database\MySQLi\Connection->connect()
#1 /var/www/html/CI/system/Database/BaseConnection.php(588): CodeIgniter\Database\BaseConnection->initialize()
#2 /var/www/html/CI/system/Database/BaseBuilder.php(1585): CodeIgniter\Database\BaseConnection->query()
#3 /var/www/html/CI/system/Model.php(223): CodeIgniter\Database\BaseBuilder->get()
#4 /var/www/html/CI/system/BaseModel.php(584): CodeIgniter\Model->doFindAll()
#5 /var/www/html/CI/app/Models/NewsModel.php(13): CodeIgniter\BaseModel->findAll()
#6 /var/www/html/CI/app/Controllers/News.php(14): App\Models\NewsModel->getNews()
#7 /var/www/html/CI/system/CodeIgniter.php(907): App\Controllers\News->index()
#8 /var/www/html/CI/system/CodeIgniter.php(457): CodeIgniter\CodeIgniter->runController()
#9 /var/www/html/CI/system/CodeIgniter.php(340): CodeIgniter\CodeIgniter->handleRequest()
#10 /var/www/html/CI/public/index.php(67): CodeIgniter\CodeIgniter->run()
#11 {main}
CRITICAL - 2022-10-17 13:13:44 --> Unable to connect to the database.
Main connection [MySQLi]: Access denied for user ''@'localhost' (using password: NO)
in SYSTEMPATH/Database/BaseConnection.php on line 418.
 1 SYSTEMPATH/Database/BaseConnection.php(588): CodeIgniter\Database\BaseConnection->initialize()
 2 SYSTEMPATH/Database/BaseBuilder.php(1585): CodeIgniter\Database\BaseConnection->query()
 3 SYSTEMPATH/Model.php(223): CodeIgniter\Database\BaseBuilder->get()
 4 SYSTEMPATH/BaseModel.php(584): CodeIgniter\Model->doFindAll()
 5 APPPATH/Models/NewsModel.php(13): CodeIgniter\BaseModel->findAll()
 6 APPPATH/Controllers/News.php(14): App\Models\NewsModel->getNews()
 7 SYSTEMPATH/CodeIgniter.php(907): App\Controllers\News->index()
 8 SYSTEMPATH/CodeIgniter.php(457): CodeIgniter\CodeIgniter->runController()
 9 SYSTEMPATH/CodeIgniter.php(340): CodeIgniter\CodeIgniter->handleRequest()
10 FCPATH/index.php(67): CodeIgniter\CodeIgniter->run()
