CRITICAL - 2022-10-13 19:16:31 --> The framework needs the following extension(s) installed and loaded: mbstring.
in SYSTEMPATH/CodeIgniter.php on line 219.
 1 SYSTEMPATH/CodeIgniter.php(219): CodeIgniter\Exceptions\FrameworkException::forMissingExtension()
 2 SYSTEMPATH/CodeIgniter.php(177): CodeIgniter\CodeIgniter->resolvePlatformExtensions()
 3 FCPATH/index.php(55): CodeIgniter\CodeIgniter->initialize()
CRITICAL - 2022-10-13 19:17:01 --> The framework needs the following extension(s) installed and loaded: mbstring.
in SYSTEMPATH/CodeIgniter.php on line 219.
 1 SYSTEMPATH/CodeIgniter.php(219): CodeIgniter\Exceptions\FrameworkException::forMissingExtension()
 2 SYSTEMPATH/CodeIgniter.php(177): CodeIgniter\CodeIgniter->resolvePlatformExtensions()
 3 FCPATH/index.php(55): CodeIgniter\CodeIgniter->initialize()
CRITICAL - 2022-10-13 19:18:58 --> The framework needs the following extension(s) installed and loaded: mbstring.
in SYSTEMPATH/CodeIgniter.php on line 219.
 1 SYSTEMPATH/CodeIgniter.php(219): CodeIgniter\Exceptions\FrameworkException::forMissingExtension()
 2 SYSTEMPATH/CodeIgniter.php(177): CodeIgniter\CodeIgniter->resolvePlatformExtensions()
 3 FCPATH/index.php(55): CodeIgniter\CodeIgniter->initialize()
CRITICAL - 2022-10-13 19:20:53 --> The framework needs the following extension(s) installed and loaded: mbstring.
in SYSTEMPATH/CodeIgniter.php on line 219.
 1 SYSTEMPATH/CodeIgniter.php(219): CodeIgniter\Exceptions\FrameworkException::forMissingExtension()
 2 SYSTEMPATH/CodeIgniter.php(177): CodeIgniter\CodeIgniter->resolvePlatformExtensions()
 3 FCPATH/index.php(55): CodeIgniter\CodeIgniter->initialize()
CRITICAL - 2022-10-13 19:21:47 --> The framework needs the following extension(s) installed and loaded: mbstring.
in SYSTEMPATH/CodeIgniter.php on line 219.
 1 SYSTEMPATH/CodeIgniter.php(219): CodeIgniter\Exceptions\FrameworkException::forMissingExtension()
 2 SYSTEMPATH/CodeIgniter.php(177): CodeIgniter\CodeIgniter->resolvePlatformExtensions()
 3 FCPATH/index.php(55): CodeIgniter\CodeIgniter->initialize()
CRITICAL - 2022-10-13 19:31:19 --> The framework needs the following extension(s) installed and loaded: mbstring.
in SYSTEMPATH/CodeIgniter.php on line 219.
 1 SYSTEMPATH/CodeIgniter.php(219): CodeIgniter\Exceptions\FrameworkException::forMissingExtension()
 2 SYSTEMPATH/CodeIgniter.php(177): CodeIgniter\CodeIgniter->resolvePlatformExtensions()
 3 FCPATH/index.php(55): CodeIgniter\CodeIgniter->initialize()
CRITICAL - 2022-10-13 19:31:20 --> The framework needs the following extension(s) installed and loaded: mbstring.
in SYSTEMPATH/CodeIgniter.php on line 219.
 1 SYSTEMPATH/CodeIgniter.php(219): CodeIgniter\Exceptions\FrameworkException::forMissingExtension()
 2 SYSTEMPATH/CodeIgniter.php(177): CodeIgniter\CodeIgniter->resolvePlatformExtensions()
 3 FCPATH/index.php(55): CodeIgniter\CodeIgniter->initialize()
CRITICAL - 2022-10-13 19:34:06 --> The framework needs the following extension(s) installed and loaded: mbstring.
in SYSTEMPATH/CodeIgniter.php on line 219.
 1 SYSTEMPATH/CodeIgniter.php(219): CodeIgniter\Exceptions\FrameworkException::forMissingExtension()
 2 SYSTEMPATH/CodeIgniter.php(177): CodeIgniter\CodeIgniter->resolvePlatformExtensions()
 3 FCPATH/index.php(55): CodeIgniter\CodeIgniter->initialize()
CRITICAL - 2022-10-13 19:36:46 --> The framework needs the following extension(s) installed and loaded: mbstring.
in SYSTEMPATH/CodeIgniter.php on line 219.
 1 SYSTEMPATH/CodeIgniter.php(219): CodeIgniter\Exceptions\FrameworkException::forMissingExtension()
 2 SYSTEMPATH/CodeIgniter.php(177): CodeIgniter\CodeIgniter->resolvePlatformExtensions()
 3 FCPATH/index.php(55): CodeIgniter\CodeIgniter->initialize()
CRITICAL - 2022-10-13 19:36:47 --> The framework needs the following extension(s) installed and loaded: mbstring.
in SYSTEMPATH/CodeIgniter.php on line 219.
 1 SYSTEMPATH/CodeIgniter.php(219): CodeIgniter\Exceptions\FrameworkException::forMissingExtension()
 2 SYSTEMPATH/CodeIgniter.php(177): CodeIgniter\CodeIgniter->resolvePlatformExtensions()
 3 FCPATH/index.php(55): CodeIgniter\CodeIgniter->initialize()
CRITICAL - 2022-10-13 19:36:48 --> The framework needs the following extension(s) installed and loaded: mbstring.
in SYSTEMPATH/CodeIgniter.php on line 219.
 1 SYSTEMPATH/CodeIgniter.php(219): CodeIgniter\Exceptions\FrameworkException::forMissingExtension()
 2 SYSTEMPATH/CodeIgniter.php(177): CodeIgniter\CodeIgniter->resolvePlatformExtensions()
 3 FCPATH/index.php(55): CodeIgniter\CodeIgniter->initialize()
CRITICAL - 2022-10-13 19:36:48 --> The framework needs the following extension(s) installed and loaded: mbstring.
in SYSTEMPATH/CodeIgniter.php on line 219.
 1 SYSTEMPATH/CodeIgniter.php(219): CodeIgniter\Exceptions\FrameworkException::forMissingExtension()
 2 SYSTEMPATH/CodeIgniter.php(177): CodeIgniter\CodeIgniter->resolvePlatformExtensions()
 3 FCPATH/index.php(55): CodeIgniter\CodeIgniter->initialize()
CRITICAL - 2022-10-13 19:37:24 --> The framework needs the following extension(s) installed and loaded: mbstring.
in SYSTEMPATH/CodeIgniter.php on line 219.
 1 SYSTEMPATH/CodeIgniter.php(219): CodeIgniter\Exceptions\FrameworkException::forMissingExtension()
 2 SYSTEMPATH/CodeIgniter.php(177): CodeIgniter\CodeIgniter->resolvePlatformExtensions()
 3 FCPATH/index.php(55): CodeIgniter\CodeIgniter->initialize()
CRITICAL - 2022-10-13 21:25:34 --> The framework needs the following extension(s) installed and loaded: mbstring.
in SYSTEMPATH/CodeIgniter.php on line 219.
 1 SYSTEMPATH/CodeIgniter.php(219): CodeIgniter\Exceptions\FrameworkException::forMissingExtension()
 2 SYSTEMPATH/CodeIgniter.php(177): CodeIgniter\CodeIgniter->resolvePlatformExtensions()
 3 FCPATH/index.php(55): CodeIgniter\CodeIgniter->initialize()
CRITICAL - 2022-10-13 21:28:13 --> The framework needs the following extension(s) installed and loaded: mbstring.
in SYSTEMPATH/CodeIgniter.php on line 219.
 1 SYSTEMPATH/CodeIgniter.php(219): CodeIgniter\Exceptions\FrameworkException::forMissingExtension()
 2 SYSTEMPATH/CodeIgniter.php(177): CodeIgniter\CodeIgniter->resolvePlatformExtensions()
 3 FCPATH/index.php(55): CodeIgniter\CodeIgniter->initialize()
CRITICAL - 2022-10-13 21:28:15 --> The framework needs the following extension(s) installed and loaded: mbstring.
in SYSTEMPATH/CodeIgniter.php on line 219.
 1 SYSTEMPATH/CodeIgniter.php(219): CodeIgniter\Exceptions\FrameworkException::forMissingExtension()
 2 SYSTEMPATH/CodeIgniter.php(177): CodeIgniter\CodeIgniter->resolvePlatformExtensions()
 3 FCPATH/index.php(55): CodeIgniter\CodeIgniter->initialize()
CRITICAL - 2022-10-13 21:28:44 --> The framework needs the following extension(s) installed and loaded: mbstring.
in SYSTEMPATH/CodeIgniter.php on line 219.
 1 SYSTEMPATH/CodeIgniter.php(219): CodeIgniter\Exceptions\FrameworkException::forMissingExtension()
 2 SYSTEMPATH/CodeIgniter.php(177): CodeIgniter\CodeIgniter->resolvePlatformExtensions()
 3 FCPATH/index.php(55): CodeIgniter\CodeIgniter->initialize()
CRITICAL - 2022-10-13 21:28:45 --> The framework needs the following extension(s) installed and loaded: mbstring.
in SYSTEMPATH/CodeIgniter.php on line 219.
 1 SYSTEMPATH/CodeIgniter.php(219): CodeIgniter\Exceptions\FrameworkException::forMissingExtension()
 2 SYSTEMPATH/CodeIgniter.php(177): CodeIgniter\CodeIgniter->resolvePlatformExtensions()
 3 FCPATH/index.php(55): CodeIgniter\CodeIgniter->initialize()
CRITICAL - 2022-10-13 21:28:58 --> The framework needs the following extension(s) installed and loaded: mbstring.
in SYSTEMPATH/CodeIgniter.php on line 219.
 1 SYSTEMPATH/CodeIgniter.php(219): CodeIgniter\Exceptions\FrameworkException::forMissingExtension()
 2 SYSTEMPATH/CodeIgniter.php(177): CodeIgniter\CodeIgniter->resolvePlatformExtensions()
 3 FCPATH/index.php(55): CodeIgniter\CodeIgniter->initialize()
CRITICAL - 2022-10-13 21:39:10 --> The framework needs the following extension(s) installed and loaded: mbstring.
in SYSTEMPATH/CodeIgniter.php on line 219.
 1 SYSTEMPATH/CodeIgniter.php(219): CodeIgniter\Exceptions\FrameworkException::forMissingExtension()
 2 SYSTEMPATH/CodeIgniter.php(177): CodeIgniter\CodeIgniter->resolvePlatformExtensions()
 3 FCPATH/index.php(55): CodeIgniter\CodeIgniter->initialize()
CRITICAL - 2022-10-13 21:45:59 --> The framework needs the following extension(s) installed and loaded: mbstring.
in SYSTEMPATH/CodeIgniter.php on line 219.
 1 SYSTEMPATH/CodeIgniter.php(219): CodeIgniter\Exceptions\FrameworkException::forMissingExtension()
 2 SYSTEMPATH/CodeIgniter.php(177): CodeIgniter\CodeIgniter->resolvePlatformExtensions()
 3 FCPATH/index.php(55): CodeIgniter\CodeIgniter->initialize()
CRITICAL - 2022-10-13 21:49:52 --> The framework needs the following extension(s) installed and loaded: mbstring.
in SYSTEMPATH/CodeIgniter.php on line 219.
 1 SYSTEMPATH/CodeIgniter.php(219): CodeIgniter\Exceptions\FrameworkException::forMissingExtension()
 2 SYSTEMPATH/CodeIgniter.php(177): CodeIgniter\CodeIgniter->resolvePlatformExtensions()
 3 FCPATH/index.php(55): CodeIgniter\CodeIgniter->initialize()
CRITICAL - 2022-10-13 21:55:18 --> The framework needs the following extension(s) installed and loaded: mbstring.
in SYSTEMPATH/CodeIgniter.php on line 219.
 1 SYSTEMPATH/CodeIgniter.php(219): CodeIgniter\Exceptions\FrameworkException::forMissingExtension()
 2 SYSTEMPATH/CodeIgniter.php(177): CodeIgniter\CodeIgniter->resolvePlatformExtensions()
 3 FCPATH/index.php(55): CodeIgniter\CodeIgniter->initialize()
CRITICAL - 2022-10-13 21:57:33 --> The framework needs the following extension(s) installed and loaded: mbstring.
in SYSTEMPATH/CodeIgniter.php on line 219.
 1 SYSTEMPATH/CodeIgniter.php(219): CodeIgniter\Exceptions\FrameworkException::forMissingExtension()
 2 SYSTEMPATH/CodeIgniter.php(177): CodeIgniter\CodeIgniter->resolvePlatformExtensions()
 3 FCPATH/index.php(55): CodeIgniter\CodeIgniter->initialize()
CRITICAL - 2022-10-13 21:58:26 --> The framework needs the following extension(s) installed and loaded: mbstring.
in SYSTEMPATH/CodeIgniter.php on line 219.
 1 SYSTEMPATH/CodeIgniter.php(219): CodeIgniter\Exceptions\FrameworkException::forMissingExtension()
 2 SYSTEMPATH/CodeIgniter.php(177): CodeIgniter\CodeIgniter->resolvePlatformExtensions()
 3 FCPATH/index.php(55): CodeIgniter\CodeIgniter->initialize()
CRITICAL - 2022-10-13 22:09:14 --> The framework needs the following extension(s) installed and loaded: mbstring.
in SYSTEMPATH/CodeIgniter.php on line 219.
 1 SYSTEMPATH/CodeIgniter.php(219): CodeIgniter\Exceptions\FrameworkException::forMissingExtension()
 2 SYSTEMPATH/CodeIgniter.php(177): CodeIgniter\CodeIgniter->resolvePlatformExtensions()
 3 FCPATH/index.php(55): CodeIgniter\CodeIgniter->initialize()
